0 info it worked if it ends with ok
1 verbose cli [ '/usr/bin/node', '/usr/bin/npm', 'install', 'yarn', '-g' ]
2 info using npm@1.4.28
3 info using node@v0.10.37
4 verbose node symlink /usr/bin/node
5 verbose cache add [ 'yarn', null ]
6 verbose cache add name=undefined spec="yarn" args=["yarn",null]
7 verbose parsed url { protocol: null,
7 verbose parsed url   slashes: null,
7 verbose parsed url   auth: null,
7 verbose parsed url   host: null,
7 verbose parsed url   port: null,
7 verbose parsed url   hostname: null,
7 verbose parsed url   hash: null,
7 verbose parsed url   search: null,
7 verbose parsed url   query: null,
7 verbose parsed url   pathname: 'yarn',
7 verbose parsed url   path: 'yarn',
7 verbose parsed url   href: 'yarn' }
8 silly lockFile d19a2519-yarn yarn
9 verbose lock yarn /home/uros/.npm/d19a2519-yarn.lock
10 silly lockFile d19a2519-yarn yarn
11 silly lockFile d19a2519-yarn yarn
12 verbose addNamed [ 'yarn', '' ]
13 verbose addNamed [ null, '*' ]
14 silly lockFile d5475ddd-yarn yarn@
15 verbose lock yarn@ /home/uros/.npm/d5475ddd-yarn.lock
16 silly addNameRange { name: 'yarn', range: '*', hasData: false }
17 verbose request where is /yarn
18 verbose request registry https://registry.npmjs.org/
19 verbose request id 6da643f9da534cc6
20 verbose url raw /yarn
21 verbose url resolving [ 'https://registry.npmjs.org/', './yarn' ]
22 verbose url resolved https://registry.npmjs.org/yarn
23 verbose request where is https://registry.npmjs.org/yarn
24 info trying registry request attempt 1 at 20:21:21
25 http GET https://registry.npmjs.org/yarn
26 http 200 https://registry.npmjs.org/yarn
27 silly registry.get cb [ 200,
27 silly registry.get   { server: 'nginx/1.10.1',
27 silly registry.get     'content-type': 'application/json',
27 silly registry.get     'last-modified': 'Sun, 05 Nov 2017 13:01:59 GMT',
27 silly registry.get     etag: 'W/"59ff0bc7-32bec"',
27 silly registry.get     'content-encoding': 'gzip',
27 silly registry.get     'cache-control': 'max-age=300',
27 silly registry.get     'content-length': '12353',
27 silly registry.get     'accept-ranges': 'bytes',
27 silly registry.get     date: 'Thu, 09 Nov 2017 19:21:17 GMT',
27 silly registry.get     via: '1.1 varnish',
27 silly registry.get     age: '66',
27 silly registry.get     connection: 'keep-alive',
27 silly registry.get     'x-served-by': 'cache-hhn1541-HHN',
27 silly registry.get     'x-cache': 'HIT',
27 silly registry.get     'x-cache-hits': '1',
27 silly registry.get     'x-timer': 'S1510255278.583989,VS0,VE0',
27 silly registry.get     vary: 'Accept-Encoding, Accept' } ]
28 silly addNameRange number 2 { name: 'yarn', range: '*', hasData: true }
29 silly addNameRange versions [ 'yarn',
29 silly addNameRange   [ '0.1.0',
29 silly addNameRange     '0.1.1',
29 silly addNameRange     '0.1.2',
29 silly addNameRange     '0.1.3',
29 silly addNameRange     '0.15.1',
29 silly addNameRange     '0.16.0',
29 silly addNameRange     '0.16.1',
29 silly addNameRange     '0.17.0',
29 silly addNameRange     '0.17.2',
29 silly addNameRange     '0.17.3',
29 silly addNameRange     '0.17.4',
29 silly addNameRange     '0.17.5',
29 silly addNameRange     '0.17.6',
29 silly addNameRange     '0.17.7',
29 silly addNameRange     '0.17.8',
29 silly addNameRange     '0.17.9',
29 silly addNameRange     '0.17.10',
29 silly addNameRange     '0.18.0',
29 silly addNameRange     '0.18.1',
29 silly addNameRange     '0.19.0',
29 silly addNameRange     '0.19.1',
29 silly addNameRange     '0.20.0',
29 silly addNameRange     '0.21.0',
29 silly addNameRange     '0.20.3',
29 silly addNameRange     '0.21.1',
29 silly addNameRange     '0.21.2',
29 silly addNameRange     '0.18.2',
29 silly addNameRange     '0.20.4',
29 silly addNameRange     '0.21.3',
29 silly addNameRange     '0.22.0',
29 silly addNameRange     '0.23.0',
29 silly addNameRange     '0.23.1',
29 silly addNameRange     '0.23.2',
29 silly addNameRange     '0.23.3',
29 silly addNameRange     '0.23.4',
29 silly addNameRange     '0.24.0',
29 silly addNameRange     '0.24.1',
29 silly addNameRange     '0.24.2',
29 silly addNameRange     '0.24.3',
29 silly addNameRange     '0.24.4',
29 silly addNameRange     '0.25.1',
29 silly addNameRange     '0.24.5',
29 silly addNameRange     '0.25.2',
29 silly addNameRange     '0.24.6',
29 silly addNameRange     '0.25.3',
29 silly addNameRange     '0.25.4',
29 silly addNameRange     '0.26.0',
29 silly addNameRange     '0.26.1',
29 silly addNameRange     '0.27.0',
29 silly addNameRange     '0.27.1',
29 silly addNameRange     '0.27.2',
29 silly addNameRange     '0.27.3',
29 silly addNameRange     '0.27.4',
29 silly addNameRange     '0.27.5',
29 silly addNameRange     '0.28.1',
29 silly addNameRange     '0.28.4',
29 silly addNameRange     '1.0.0',
29 silly addNameRange     '1.0.1',
29 silly addNameRange     '1.0.2',
29 silly addNameRange     '1.1.0',
29 silly addNameRange     '1.2.0',
29 silly addNameRange     '1.2.1',
29 silly addNameRange     '1.3.1',
29 silly addNameRange     '1.3.2' ] ]
30 verbose addNamed [ 'yarn', '1.3.2' ]
31 verbose addNamed [ '1.3.2', '1.3.2' ]
32 silly lockFile 70e8a838-yarn-1-3-2 yarn@1.3.2
33 verbose lock yarn@1.3.2 /home/uros/.npm/70e8a838-yarn-1-3-2.lock
34 silly lockFile e67beaed-ry-npmjs-org-yarn-yarn-1-3-2-tgz https://registry.npmjs.org/yarn/-/yarn-1.3.2.tgz
35 verbose lock https://registry.npmjs.org/yarn/-/yarn-1.3.2.tgz /home/uros/.npm/e67beaed-ry-npmjs-org-yarn-yarn-1-3-2-tgz.lock
36 verbose addRemoteTarball [ 'https://registry.npmjs.org/yarn/-/yarn-1.3.2.tgz',
36 verbose addRemoteTarball   '5939762581b5b4ddcd3418c0f6be42df3aee195f' ]
37 info retry fetch attempt 1 at 20:21:21
38 verbose fetch to= /tmp/npm-21271-hrTPgM3G/registry.npmjs.org/yarn/-/yarn-1.3.2.tgz
39 http GET https://registry.npmjs.org/yarn/-/yarn-1.3.2.tgz
40 http 200 https://registry.npmjs.org/yarn/-/yarn-1.3.2.tgz
41 silly lockFile e67beaed-ry-npmjs-org-yarn-yarn-1-3-2-tgz https://registry.npmjs.org/yarn/-/yarn-1.3.2.tgz
42 silly lockFile e67beaed-ry-npmjs-org-yarn-yarn-1-3-2-tgz https://registry.npmjs.org/yarn/-/yarn-1.3.2.tgz
43 silly lockFile 70e8a838-yarn-1-3-2 yarn@1.3.2
44 silly lockFile 70e8a838-yarn-1-3-2 yarn@1.3.2
45 silly lockFile d5475ddd-yarn yarn@
46 silly lockFile d5475ddd-yarn yarn@
47 silly resolved [ { name: 'yarn',
47 silly resolved     installationMethod: 'tar',
47 silly resolved     version: '1.3.2',
47 silly resolved     license: 'BSD-2-Clause',
47 silly resolved     preferGlobal: true,
47 silly resolved     description: 'ðŸ“¦ðŸˆ Fast, reliable, and secure dependency management.',
47 silly resolved     engines: { node: '>=4.0.0' },
47 silly resolved     repository: { type: 'git', url: 'git+https://github.com/yarnpkg/yarn.git' },
47 silly resolved     bin: { yarn: './bin/yarn.js', yarnpkg: './bin/yarn.js' },
47 silly resolved     config: { commitizen: [Object] },
47 silly resolved     bugs: { url: 'https://github.com/yarnpkg/yarn/issues' },
47 silly resolved     homepage: 'https://github.com/yarnpkg/yarn#readme',
47 silly resolved     _id: 'yarn@1.3.2',
47 silly resolved     _shasum: '5939762581b5b4ddcd3418c0f6be42df3aee195f',
47 silly resolved     _resolved: 'https://registry.npmjs.org/yarn/-/yarn-1.3.2.tgz',
47 silly resolved     _from: 'yarn@',
47 silly resolved     _npmVersion: '4.6.1',
47 silly resolved     _nodeVersion: '8.6.0',
47 silly resolved     _npmUser: { name: 'sebmck', email: 'sebmck@gmail.com' },
47 silly resolved     dist:
47 silly resolved      { shasum: '5939762581b5b4ddcd3418c0f6be42df3aee195f',
47 silly resolved        tarball: 'https://registry.npmjs.org/yarn/-/yarn-1.3.2.tgz' },
47 silly resolved     maintainers: [ [Object], [Object], [Object], [Object], [Object], [Object] ],
47 silly resolved     _npmOperationalInternal:
47 silly resolved      { host: 's3://npm-registry-packages',
47 silly resolved        tmp: 'tmp/yarn-1.3.2.tgz_1509641396007_0.42532535269856453' },
47 silly resolved     directories: {} } ]
48 info install yarn@1.3.2 into /usr/lib
49 info installOne yarn@1.3.2
50 warn engine yarn@1.3.2: wanted: {"node":">=4.0.0"} (current: {"node":"0.10.37","npm":"1.4.28"})
51 verbose lib/node_modules/yarn unbuild
52 verbose tar unpack /home/uros/.npm/yarn/1.3.2/package.tgz
53 silly lockFile 9a07a19c-tar-usr-lib-node-modules-yarn tar:///usr/lib/node_modules/yarn
54 verbose lock tar:///usr/lib/node_modules/yarn /home/uros/.npm/9a07a19c-tar-usr-lib-node-modules-yarn.lock
55 silly lockFile 0809d57c--uros-npm-yarn-1-3-2-package-tgz tar:///home/uros/.npm/yarn/1.3.2/package.tgz
56 verbose lock tar:///home/uros/.npm/yarn/1.3.2/package.tgz /home/uros/.npm/0809d57c--uros-npm-yarn-1-3-2-package-tgz.lock
57 silly gunzTarPerm modes [ '775', '664' ]
58 error Error: EACCES, mkdir '/usr/lib/node_modules/yarn'
58 error  { [Error: EACCES, mkdir '/usr/lib/node_modules/yarn']
58 error   errno: 3,
58 error   code: 'EACCES',
58 error   path: '/usr/lib/node_modules/yarn',
58 error   fstream_type: 'Directory',
58 error   fstream_path: '/usr/lib/node_modules/yarn',
58 error   fstream_class: 'DirWriter',
58 error   fstream_stack:
58 error    [ '/usr/lib/node_modules/npm/node_modules/fstream/lib/dir-writer.js:36:23',
58 error      '/usr/lib/node_modules/npm/node_modules/mkdirp/index.js:46:53',
58 error      'Object.oncomplete (fs.js:108:15)' ] }
59 error Please try running this command again as root/Administrator.
60 error System Linux 4.4.0-31-generic
61 error command "/usr/bin/node" "/usr/bin/npm" "install" "yarn" "-g"
62 error cwd /home/uros/Rails/imdb
63 error node -v v0.10.37
64 error npm -v 1.4.28
65 error path /usr/lib/node_modules/yarn
66 error fstream_path /usr/lib/node_modules/yarn
67 error fstream_type Directory
68 error fstream_class DirWriter
69 error code EACCES
70 error errno 3
71 error stack Error: EACCES, mkdir '/usr/lib/node_modules/yarn'
72 error fstream_stack /usr/lib/node_modules/npm/node_modules/fstream/lib/dir-writer.js:36:23
72 error fstream_stack /usr/lib/node_modules/npm/node_modules/mkdirp/index.js:46:53
72 error fstream_stack Object.oncomplete (fs.js:108:15)
73 verbose exit [ 3, true ]
